Traceback (most recent call last):
  File "/home/kawai/anaconda3/lib/python3.9/site-packages/jupyter_cache/executors/utils.py", line 51, in single_nb_execution
    executenb(
  File "/home/kawai/anaconda3/lib/python3.9/site-packages/nbclient/client.py", line 1204, in execute
    return NotebookClient(nb=nb, resources=resources, km=km, **kwargs).execute()
  File "/home/kawai/anaconda3/lib/python3.9/site-packages/nbclient/util.py", line 84, in wrapped
    return just_run(coro(*args, **kwargs))
  File "/home/kawai/anaconda3/lib/python3.9/site-packages/nbclient/util.py", line 62, in just_run
    return loop.run_until_complete(coro)
  File "/home/kawai/anaconda3/lib/python3.9/asyncio/base_events.py", line 647, in run_until_complete
    return future.result()
  File "/home/kawai/anaconda3/lib/python3.9/site-packages/nbclient/client.py", line 663, in async_execute
    await self.async_execute_cell(
  File "/home/kawai/anaconda3/lib/python3.9/site-packages/nbclient/client.py", line 965, in async_execute_cell
    await self._check_raise_for_error(cell, cell_index, exec_reply)
  File "/home/kawai/anaconda3/lib/python3.9/site-packages/nbclient/client.py", line 862, in _check_raise_for_error
    raise CellExecutionError.from_cell_and_msg(cell, exec_reply_content)
nbclient.exceptions.CellExecutionError: An error occurred while executing the following cell:
------------------
import numpy as np
from qiskit import *
from qiskit.quantum_info import Statevector

# qiskit does not have predefined controlled-S gate
# you can create it or use controlled-P(pi/2)
from qiskit.circuit.library.standard_gates import SGate
cs=SGate().control(1)

qr=QuantumRegister(2,'q')
qc=QuantumCircuit(qr)

# prepare an input basis vector
k=input("Enter a basis vector id (0-3):")
        
if k == "1":
    qc.x(0)
elif k == "2":
    qc.x(1)
elif k == "3":
    qc.x([0,1])
    
qc.barrier([0,1])
        
qc.h(1)

# add controlled-S (you can use 'qc.cp(np.pi/2,0,1)' instead)
qc.append(cs,[0,1])

qc.h(0)
qc.swap(0,1)
qc.draw()


------------------

[0;31m---------------------------------------------------------------------------[0m
[0;31mStdinNotImplementedError[0m                  Traceback (most recent call last)
Input [0;32mIn [1][0m, in [0;36m<cell line: 14>[0;34m()[0m
[1;32m     11[0m qc[38;5;241m=[39mQuantumCircuit(qr)
[1;32m     13[0m [38;5;66;03m# prepare an input basis vector[39;00m
[0;32m---> 14[0m k[38;5;241m=[39m[38;5;28;43minput[39;49m[43m([49m[38;5;124;43m"[39;49m[38;5;124;43mEnter a basis vector id (0-3):[39;49m[38;5;124;43m"[39;49m[43m)[49m
[1;32m     16[0m [38;5;28;01mif[39;00m k [38;5;241m==[39m [38;5;124m"[39m[38;5;124m1[39m[38;5;124m"[39m:
[1;32m     17[0m     qc[38;5;241m.[39mx([38;5;241m0[39m)

File [0;32m~/anaconda3/lib/python3.9/site-packages/ipykernel/kernelbase.py:1072[0m, in [0;36mKernel.raw_input[0;34m(self, prompt)[0m
[1;32m   1065[0m [38;5;124;03m"""Forward raw_input to frontends[39;00m
[1;32m   1066[0m 
[1;32m   1067[0m [38;5;124;03mRaises[39;00m
[1;32m   1068[0m [38;5;124;03m------[39;00m
[1;32m   1069[0m [38;5;124;03mStdinNotImplementedError if active frontend doesn't support stdin.[39;00m
[1;32m   1070[0m [38;5;124;03m"""[39;00m
[1;32m   1071[0m [38;5;28;01mif[39;00m [38;5;129;01mnot[39;00m [38;5;28mself[39m[38;5;241m.[39m_allow_stdin:
[0;32m-> 1072[0m     [38;5;28;01mraise[39;00m StdinNotImplementedError(
[1;32m   1073[0m         [38;5;124m"[39m[38;5;124mraw_input was called, but this frontend does not support input requests.[39m[38;5;124m"[39m
[1;32m   1074[0m     )
[1;32m   1075[0m [38;5;28;01mreturn[39;00m [38;5;28mself[39m[38;5;241m.[39m_input_request(
[1;32m   1076[0m     [38;5;28mstr[39m(prompt),
[1;32m   1077[0m     [38;5;28mself[39m[38;5;241m.[39m_parent_ident[[38;5;124m"[39m[38;5;124mshell[39m[38;5;124m"[39m],
[1;32m   1078[0m     [38;5;28mself[39m[38;5;241m.[39mget_parent([38;5;124m"[39m[38;5;124mshell[39m[38;5;124m"[39m),
[1;32m   1079[0m     password[38;5;241m=[39m[38;5;28;01mFalse[39;00m,
[1;32m   1080[0m )

[0;31mStdinNotImplementedError[0m: raw_input was called, but this frontend does not support input requests.
StdinNotImplementedError: raw_input was called, but this frontend does not support input requests.

